[2020-10-19 10:57:49] User Login.ERROR: User Login Failed ["Email Address","gregory@realhost.co.za No account found with that email address"] []
[2020-10-19 10:57:56] User Login.ERROR: User Login Failed ["Email Address","gregory@realhost.co.za Oops, please refresh and try again :-("] []
[2020-10-19 10:58:03] User Login.ERROR: User Login Failed ["Email Address","gregory@realhost.co.za No account found with that email address"] []
[2020-10-19 11:03:29] User Login.ERROR: User Login Failed ["Email Address","gregory@realhost.co.za No Account found with that email address"] []
[2020-10-19 11:06:43] User Login.ERROR: User Login Failed ["Email Address","gregory@realhost.co.za No Account found with that email address"] []
[2020-10-19 11:09:00] User Login.ERROR: User Login Failed ["Email Address","gregory@realhost.co.za No Account found with that email address"] []
[2020-10-19 14:07:29] User Login.ERROR: User Login Failed ["Email Address","gregory@realhost.co.za Oops, please refresh and try again :-("] []
[2020-10-19 14:07:37] User Login.ERROR: User Login Failed ["Email Address","gregory@realhost.co.za No Account found with that email address"] []
[2020-10-19 14:07:45] User Login.ERROR: User Login Failed ["Email Address","gregory@realhost.co.za Oops, please refresh and try again :-("] []
[2020-10-19 14:55:54] User Login.INFO: User Login Success ["Email Address","gregory@realhost.co.za ba38a041d5440a54dd8a7c29b475caf45e3956b7"] []
[2020-10-19 17:04:43] User Login.INFO: User Login Success ["Email Address","gregory@realhost.co.za 435953b6da2509f3f2a05eb3413122719526a74b"] []
[2020-10-24 07:21:03] User Login.INFO: User Login Success ["Email Address","gregory@realhost.co.za bc9dd6d6db768b19b0d9d78152b2260174a02e2b"] []
[2020-12-08 10:47:20] User Login.INFO: User Login Success ["Email Address","gregory@realhost.co.za 580d33a36eebf45b0fdcdeb20b558a6724452098"] []
[2020-12-08 10:58:11] User Login.INFO: User Logout ["User Logout Successful","580d33a36eebf45b0fdcdeb20b558a6724452098"] []
[2020-12-08 10:58:18] User Login.INFO: User Login Success ["Email Address","gregory@realhost.co.za b53b1ef9f3319cd04a5034798b3a35cd38157cec"] []
[2020-12-09 14:31:25] User Login.INFO: User Login Success ["Email Address","gregory@realhost.co.za 2b435ee27d0b48a46333be2cc21299215a4f4e4c"] []
[2020-12-31 10:22:52] User Login.INFO: User Login Success ["Email Address","gregory@realhost.co.za 45a9766b81cb43d18bba40798e1c0a7f8af28250"] []
[2021-01-02 09:44:53] User Login.ERROR: User Login Failed ["Email Address","gregory@realhost.co.za You are currently locked out of the system."] []
[2021-01-02 09:45:40] User Login.ERROR: User Login Failed ["Email Address","gregory@realhost.co.za You are currently locked out of the system."] []
[2021-01-02 09:57:52] User Login.ERROR: User Login Failed ["Email Address","gregory@realhost.co.za Oops, please refresh and try again :-("] []
[2021-01-02 09:57:58] User Login.INFO: User Login Success ["Email Address","gregory@realhost.co.za 9529ea420e14899596440dcb4290c63f9fd9d94c"] []
[2021-01-02 10:08:59] User Login.ERROR: User Login Failed ["Email Address","gregory@realhost.co.za You are currently locked out of the system."] []
[2021-01-02 10:25:46] User Login.ERROR: User Login Failed ["Email Address","gregory@realhost.co.za You are currently locked out of the system."] []
[2021-01-02 10:26:29] User Login.ERROR: User Login Failed ["Email Address","gregory@realhost.co.za Oops, please refresh and try again :-("] []
[2021-01-02 10:26:34] User Login.ERROR: User Login Failed ["Email Address","gregory@realhost.co.za You are currently locked out of the system."] []
[2021-01-02 10:30:13] User Login.ERROR: User Login Failed ["Email Address","gregory@realhost.co.za You are currently locked out of the system."] []
[2021-01-02 10:31:57] User Login.ERROR: User Login Failed ["Email Address","gregory@realhost.co.za You are currently locked out of the system."] []
[2021-01-02 10:33:41] User Login.ERROR: User Login Failed ["Email Address","gregory@realhost.co.za You are currently locked out of the system."] []
[2021-01-02 10:34:06] User Login.ERROR: User Login Failed ["Email Address","gregory@realhost.co.za You are currently locked out of the system."] []
[2021-01-02 10:35:14] User Login.ERROR: User Login Failed ["Email Address","gregory@realhost.co.za You are currently locked out of the system."] []
[2021-01-02 10:40:49] User Login.INFO: User Login Success ["Email Address","gregory@realhost.co.za 959ae4fb35099332d4103a48b56cb4f61a61da27"] []
[2021-01-02 10:45:37] User Login.ERROR: User Login Failed ["Email Address","gregory@realhost.co.za You are currently locked out of the system."] []
[2021-01-02 10:46:04] User Login.ERROR: User Login Failed ["Email Address","gregory@realhost.co.za You are currently locked out of the system."] []
[2021-01-02 13:32:45] User Login.ERROR: User Login Failed ["Email Address","gregory@realhost.co.za Oops, please refresh and try again :-("] []
[2021-01-02 13:32:51] User Login.INFO: User Login Success ["Email Address","gregory@realhost.co.za 85a9e0a7fa6aa3e23c9510dbed85c98d6570b45c"] []
[2021-01-15 09:44:51] User Login.ERROR: User Login Failed ["Email Address","gregory@realhost.co.za Oops, please refresh and try again :-("] []
[2021-01-15 09:45:00] User Login.ERROR: User Login Failed ["Email Address","gregory@realhost.co.za Oops, please refresh and try again :-("] []
[2021-01-15 09:45:33] User Login.INFO: User Login Success ["Email Address","gregory@realhost.co.za be9c97de30f4bd788786415834979d3973fa0c7e"] []
