[2020-12-08 10:57:56] Profile Update.INFO: Ok. ["Email","gregory@realhost.co.za | User: Gregory Schoeman"] []
[2020-12-31 11:05:41] Profile Update.INFO: Ok. ["Email","gregory@realhost.co.za | User: Gregory Schoeman"] []
[2020-12-31 11:05:52] Profile Update.INFO: Ok. ["Email","gregory@realhost.co.za | User: Gregory Schoeman"] []
[2021-01-01 14:16:47] Profile Update.ERROR: The nonce test has failed ["Email","gregory@realhost.co.za | User: Gregory Schoeman"] []
[2021-01-01 17:32:44] Profile Update.INFO: Ok. ["Email","gregory@realhost.co.za | User: Gregory Schoeman"] []
[2021-01-01 17:33:48] Profile Update.INFO: Ok. ["Email","gregory@realhost.co.za | User: Gregory Schoeman"] []
[2021-01-01 17:34:34] Profile Update.INFO: Ok. ["Email","gregory@realhost.co.za | User: Gregory Schoeman"] []
[2021-01-01 17:39:02] Profile Update.INFO: Ok. ["Email","gregory@realhost.co.za | User: Gregory Schoeman"] []
[2021-01-02 08:57:40] Profile Update.INFO: Ok. ["Email","gregory@realhost.co.za | User: Gregory Schoeman"] []
[2021-01-02 09:24:23] Profile Update.INFO: Ok. ["Email","gregory@realhost.co.za | User: Gregory Schoeman"] []
[2021-01-02 09:24:36] Profile Update.ERROR: The nonce test has failed ["Email","gregory@realhost.co.za | User: Gregory Schoeman"] []
[2021-01-02 09:25:17] Profile Update.INFO: Ok. ["Email","gregory@realhost.co.za | User: Gregory Schoeman"] []
[2021-01-02 09:25:35] Profile Update.INFO: Ok. ["Email","gregory@realhost.co.za | User: Gregory Schoeman"] []
[2021-01-02 09:25:47] Profile Update.INFO: Ok. ["Email","gregory@realhost.co.za | User: Gregory Schoeman"] []
[2021-01-02 09:26:01] Profile Update.INFO: Ok. ["Email","gregory@realhost.co.za | User: Gregory Schoeman"] []
[2021-01-02 09:26:16] Profile Update.INFO: Ok. ["Email","gregory@realhost.co.za | User: Gregory Schoeman"] []
[2021-01-02 09:43:14] Profile Update.INFO: Ok. ["Email","gregory@realhost.co.za | User: Gregory Schoeman"] []
[2021-01-02 09:43:21] Profile Update.ERROR: The nonce test has failed ["Email","gregory@realhost.co.za | User: Gregory Schoeman"] []
[2021-01-02 10:07:31] Profile Update.INFO: Ok. ["Email","gregory@realhost.co.za | User: Gregory Schoeman"] []
[2021-01-02 10:07:59] Profile Update.INFO: Ok. ["Email","gregory@realhost.co.za | User: Gregory Schoeman"] []
[2021-01-02 10:08:24] Profile Update.INFO: Ok. ["Email","gregory@realhost.co.za | User: Gregory Schoeman"] []
[2021-01-02 10:08:49] Profile Update.INFO: Ok. ["Email","gregory@realhost.co.za | User: Gregory Schoeman"] []
[2021-01-02 10:21:49] Profile Update.INFO: Ok. ["Email","gregory@realhost.co.za | User: Gregory Schoeman"] []
[2021-01-02 10:30:04] Profile Update.INFO: Ok. ["Email","gregory@realhost.co.za | User: Gregory Schoeman"] []
[2021-01-02 10:41:13] Profile Update.INFO: Ok. ["Email","gregory@realhost.co.za | User: Gregory Schoeman"] []
[2021-01-02 10:41:32] Profile Update.INFO: Ok. ["Email","gregory@realhost.co.za | User: Gregory Schoeman"] []
[2021-01-02 10:43:26] Profile Update.INFO: Ok. ["Email","gregory@realhost.co.za | User: Gregory Schoeman"] []
[2021-01-02 10:43:31] Profile Update.INFO: Ok. ["Email","gregory@realhost.co.za | User: Gregory Schoeman"] []
[2021-01-02 10:43:35] Profile Update.INFO: Ok. ["Email","gregory@realhost.co.za | User: Gregory Schoeman"] []
[2021-01-02 13:39:44] Profile Update.INFO: Ok. ["Email","gregory@realhost.co.za | User: Gregory Schoeman"] []
[2021-01-15 14:22:20] Profile Update.INFO: New profile pic uploaded successfully [] []
[2021-01-15 14:39:45] Profile Update.INFO: New profile pic uploaded successfully [] []
[2021-01-15 16:04:36] Profile Update.INFO: New profile pic uploaded successfully [] []
[2021-01-15 16:19:59] Profile Update.ERROR: File already exists [] []
[2021-01-15 16:20:24] Profile Update.ERROR: File already exists [] []
[2021-01-15 16:35:47] Profile Update.INFO: New profile pic uploaded successfully [] []
[2021-01-15 16:39:11] Profile Update.INFO: New profile pic uploaded successfully [] []
[2021-01-15 16:43:12] Profile Update.INFO: New profile pic uploaded successfully [] []
[2021-01-15 16:44:51] Profile Update.ERROR: File validation failed [] []
[2021-01-15 16:45:44] Profile Update.INFO: New profile pic uploaded successfully [] []
[2021-01-15 16:45:56] Profile Update.ERROR: File validation failed [] []
[2021-01-15 16:48:38] Profile Update.ERROR: File validation failed [] []
[2021-01-15 16:48:47] Profile Update.ERROR: File validation failed [] []
[2021-01-15 16:49:02] Profile Update.ERROR: File validation failed [] []
[2021-01-15 16:49:55] Profile Update.ERROR: File validation failed [] []
[2021-01-15 16:50:06] Profile Update.ERROR: File validation failed [] []
[2021-01-15 16:53:16] Profile Update.ERROR: File validation failed [] []
[2021-01-15 16:53:26] Profile Update.ERROR: File validation failed [] []
[2021-01-15 16:53:39] Profile Update.INFO: New profile pic uploaded successfully [] []
[2021-01-15 17:08:57] Profile Update.ERROR: File validation failed [] []
[2021-01-15 17:09:11] Profile Update.INFO: New profile pic uploaded successfully [] []
[2021-01-15 17:10:11] Profile Update.ERROR: File validation failed [] []
[2021-01-15 17:10:51] Profile Update.INFO: New profile pic uploaded successfully [] []
[2021-01-15 19:25:28] Profile Update.INFO: New profile pic uploaded successfully [] []
[2021-01-15 19:25:45] Profile Update.ERROR: File validation failed [] []
[2021-01-15 19:26:00] Profile Update.INFO: New profile pic uploaded successfully [] []
[2021-01-15 19:29:10] Profile Update.INFO: New profile pic uploaded successfully [] []
[2021-01-15 19:31:59] Profile Update.INFO: New profile pic uploaded successfully [] []
[2021-01-15 19:32:16] Profile Update.INFO: New profile pic uploaded successfully [] []
[2021-01-15 19:51:48] Profile Update.INFO: New profile pic uploaded successfully [] []
[2021-01-15 19:53:46] Profile Update.INFO: New profile pic uploaded successfully [] []
[2021-01-15 19:54:58] Profile Update.INFO: New profile pic uploaded successfully [] []
[2021-01-15 19:57:31] Profile Update.INFO: New profile pic uploaded successfully [] []
[2021-01-15 19:59:37] Profile Update.INFO: New profile pic uploaded successfully [] []
[2021-01-15 20:02:02] Profile Update.INFO: New profile pic uploaded successfully [] []
[2021-01-15 20:02:18] Profile Update.INFO: New profile pic uploaded successfully [] []
[2021-01-15 20:03:19] Profile Update.INFO: New profile pic uploaded successfully [] []
[2021-01-15 20:03:47] Profile Update.INFO: New profile pic uploaded successfully [] []
[2021-01-15 20:03:54] Profile Update.ERROR: File validation failed [] []
[2021-01-15 20:05:32] Profile Update.INFO: New profile pic uploaded successfully [] []
[2021-01-15 20:06:09] Profile Update.INFO: New profile pic uploaded successfully [] []
[2021-01-15 20:09:50] Profile Update.INFO: New profile pic uploaded successfully [] []
[2021-01-15 20:10:02] Profile Update.INFO: New profile pic uploaded successfully [] []
[2021-01-15 20:10:26] Profile Update.ERROR: File validation failed [] []
[2021-01-15 20:22:43] Profile Update.INFO: New profile pic uploaded successfully [] []
[2021-01-15 20:46:28] Profile Update.INFO: Ok. ["Email","gregory@realhost.co.za | User: Gregory Schoeman"] []
[2021-01-15 20:50:07] Profile Update.INFO: New profile pic uploaded successfully [] []
[2021-01-18 13:09:59] Profile Update.INFO: New profile pic uploaded successfully [] []
[2021-01-23 14:19:29] Profile Update.INFO: Upload Successful [] []
[2021-01-23 15:59:04] Profile Update.INFO: Upload Successful [] []
[2021-01-23 16:07:55] Profile Update.INFO: Upload Successful [] []
[2021-01-23 16:08:04] Profile Update.INFO: Upload Successful [] []
[2021-01-23 22:16:25] Profile Update.INFO: Upload Successful [] []
[2021-01-23 22:17:02] Profile Update.INFO: Upload Successful [] []
[2021-01-23 22:18:08] Profile Update.ERROR: File validation failed [] []
[2021-01-23 22:18:18] Profile Update.INFO: Upload Successful [] []
[2021-01-23 22:20:08] Profile Update.INFO: Upload Successful [] []
[2021-02-02 08:49:16] Profile Update.INFO: Upload Successful [] []
[2021-02-02 08:49:35] Profile Update.INFO: Upload Successful [] []
[2021-02-02 09:17:39] Profile Update.INFO: Ok. ["Email","gregory@realhost.co.za | User: Gregory Schoeman"] []
[2021-02-02 11:06:33] Profile Update.INFO: Ok. ["Email","gregory@realhost.co.za | User: Gregory Schoeman"] []
[2021-02-02 11:06:59] Profile Update.INFO: Ok. ["Email","gregory@realhost.co.za | User: Gregory Schoeman"] []
[2021-02-02 11:08:25] Profile Update.ERROR: File validation failed [] []
[2021-02-02 11:08:36] Profile Update.INFO: Ok. ["Email","gregory@realhost.co.za | User: Gregory Schoeman"] []
[2021-02-02 11:08:53] Profile Update.INFO: Ok. ["Email","gregory@realhost.co.za | User: Gregory Schoeman"] []
[2021-02-02 11:28:17] Profile Update.INFO: Upload Successful [] []
[2021-02-02 11:29:28] Profile Update.INFO: Ok. ["Email","kate@switchboardcollaboration.com | User: Kate Damad"] []
[2021-02-02 11:33:27] Profile Update.INFO: Ok. ["Email","gregory@realhost.co.za | User: Gregory Schoeman"] []
[2021-02-02 11:46:45] Profile Update.ERROR: File validation failed [] []
[2021-02-02 11:46:49] Profile Update.ERROR: File validation failed [] []
[2021-02-02 11:48:00] Profile Update.ERROR: File validation failed [] []
[2021-02-02 11:48:47] Profile Update.INFO: Upload Successful [] []
[2021-02-02 11:48:58] Profile Update.ERROR: File validation failed [] []
[2021-02-02 11:49:13] Profile Update.INFO: Upload Successful [] []
[2021-02-02 11:49:34] Profile Update.INFO: Ok. ["Email","kate@switchboardcollaboration.com | User: Kate Damad"] []
[2021-02-02 11:51:31] Profile Update.INFO: Ok. ["Email","gregory@realhost.co.za | User: Gregory Schoeman"] []
[2021-02-02 11:51:49] Profile Update.INFO: Ok. ["Email","kate@switchboardcollaboration.com | User: Kate Damad"] []
[2021-02-02 11:56:19] Profile Update.INFO: Upload Successful [] []
[2021-02-02 11:56:31] Profile Update.INFO: Upload Successful [] []
[2021-02-02 11:58:33] Profile Update.INFO: Ok. ["Email","kate@switchboardcollaboration.com | User: Kate Damad"] []
[2021-02-02 11:59:40] Profile Update.ERROR: The nonce test has failed ["Email","kate@switchboardcollaboration.com | User: Kate Damad"] []
[2021-02-02 11:59:46] Profile Update.ERROR: The nonce test has failed ["Email","kate@switchboardcollaboration.com | User: Kate Damad"] []
[2021-02-02 11:59:57] Profile Update.INFO: Ok. ["Email","kate@switchboardcollaboration.com | User: Kate Damad"] []
[2021-02-02 12:00:01] Profile Update.ERROR: The nonce test has failed ["Email","kate@switchboardcollaboration.com | User: Kate Damad"] []
[2021-02-02 12:00:34] Profile Update.INFO: Upload Successful [] []
[2021-02-02 12:07:11] Profile Update.INFO: Upload Successful [] []
[2021-02-02 12:07:25] Profile Update.INFO: Ok. ["Email","gregory@realhost.co.za | User: Gregory Schoeman"] []
[2021-02-02 12:10:59] Profile Update.INFO: Ok. ["Email","gregory@realhost.co.za | User: Gregory Schoeman"] []
[2021-02-02 12:13:41] Profile Update.INFO: Ok. ["Email","gregory@realhost.co.za | User: Gregory Schoeman"] []
[2021-02-02 12:15:05] Profile Update.INFO: Ok. ["Email","gregory@realhost.co.za | User: Gregory Schoeman"] []
[2021-02-02 12:28:46] Profile Update.INFO: Ok. ["Email","gregory@realhost.co.za | User: Gregory Schoeman"] []
[2021-02-02 12:29:19] Profile Update.INFO: Ok. ["Email","gregory@realhost.co.za | User: Gregory Schoeman"] []
[2021-02-02 12:39:57] Profile Update.ERROR: The nonce test has failed ["Email","gregory@realhost.co.za | User: Gregory Schoeman"] []
[2021-02-02 12:40:14] Profile Update.INFO: Ok. ["Email","gregory@realhost.co.za | User: Gregory Schoeman"] []
[2021-02-02 12:40:23] Profile Update.INFO: Ok. ["Email","gregory@realhost.co.za | User: Gregory Schoeman"] []
[2021-02-02 12:40:32] Profile Update.INFO: Ok. ["Email","gregory@realhost.co.za | User: Gregory Schoeman"] []
[2021-02-02 12:40:48] Profile Update.INFO: Ok. ["Email","kate@switchboardcollaboration.com | User: Kate Damad"] []
[2021-02-02 12:40:51] Profile Update.ERROR: The nonce test has failed ["Email","kate@switchboardcollaboration.com | User: Kate Damad"] []
[2021-02-02 12:44:06] Profile Update.INFO: Upload Successful [] []
[2021-02-02 12:44:09] Profile Update.INFO: Upload Successful [] []
[2021-02-02 12:45:33] Profile Update.INFO: Ok. ["Email","kate@switchboardcollaboration.com | User: Kate Damad"] []
[2021-02-02 12:45:44] Profile Update.INFO: Ok. ["Email","kate@switchboardcollaboration.com | User: Kate Damad"] []
[2021-02-02 12:45:55] Profile Update.INFO: Ok. ["Email","gregory@realhost.co.za | User: Gregory Schoeman"] []
[2021-02-02 12:46:11] Profile Update.INFO: Ok. ["Email","lesley@switchboardcollaboration.com | User: User Name"] []
[2021-02-02 13:03:03] Profile Update.INFO: Ok. ["Email","info@secondsite.xyz | User: New User"] []
[2021-02-02 13:03:31] Profile Update.INFO: Ok. ["Email","info@secondsite.xyz | User: New User"] []
[2021-02-02 13:08:27] Profile Update.INFO: Ok. ["Email","info@secondsite.xyz | User: New User"] []
[2021-02-02 13:12:36] Profile Update.INFO:  ["Email","info@secondsite.xyz | User: New User"] []
[2021-02-02 13:13:15] Profile Update.INFO:  ["Email","info@secondsite.xyz | User: New User"] []
[2021-02-02 13:14:09] Profile Update.INFO:  ["Email","info@secondsite.xyz | User: Gregory User"] []
[2021-02-02 13:14:18] Profile Update.ERROR: The nonce test has failed ["Email","info@secondsite.xyz | User: Gregory User"] []
[2021-02-02 13:15:33] Profile Update.INFO:  ["Email","info@secondsite.xyz | User: New User"] []
[2021-02-02 13:28:37] Profile Update.ERROR: The nonce test has failed ["Email","info@secondsite.xyz | User: New User"] []
[2021-02-02 13:29:39] Profile Update.INFO:  ["Email","info@secondsite.xyz | User: New User"] []
[2021-02-02 13:31:48] Profile Update.INFO:  ["Email","info@secondsite.xyz | User: New User"] []
[2021-02-02 13:32:51] Profile Update.ERROR: The nonce test has failed ["Email","info@secondsite.xyz | User: New User"] []
[2021-02-02 13:33:34] Profile Update.INFO:  ["Email","info@secondsite.xyz | User: New User"] []
[2021-02-02 13:36:34] Profile Update.INFO:  ["Email","gregory@realhost.co.za | User: New User"] []
[2021-02-02 13:36:49] Profile Update.ERROR: The nonce test has failed ["Email","gregory@realhost.co.za | User: New User"] []
[2021-02-02 13:37:19] Profile Update.INFO:  ["Email","info@secondsite.xyz | User: new User"] []
[2021-02-02 13:37:29] Profile Update.ERROR: The nonce test has failed ["Email","info@secondsite.xyz | User: new User"] []
[2021-02-02 13:42:33] Profile Update.INFO:  ["Email","info@secondsite.xyz | User: New User"] []
[2021-02-02 13:43:52] Profile Update.INFO:  ["Email","info@secondsite.xyz | User: New User"] []
[2021-02-02 13:45:42] Profile Update.INFO: Account created. ["Email","info@secondsite.xyz | User: New User"] []
[2021-02-02 13:46:33] Profile Update.ERROR: 1 ["Email","info@secondsite.xyz | User: New User"] []
[2021-02-02 13:47:26] Profile Update.INFO: Account created. ["Email","info@secondsite.xyz | User: New User"] []
